2016-09-15T03:24:50+00:00 DEBUG (7): exception 'Zend_Exception' with message 'dbModel read resource does not implement Zend_Db_Adapter_Abstract' in /Users/Ryan/Sites/dorel-australia/lib/Varien/Data/Collection/Db.php:187
Stack trace:
#0 /Users/Ryan/Sites/dorel-australia/app/code/core/Mage/Core/Model/Resource/Db/Collection/Abstract.php(134): Varien_Data_Collection_Db->setConnection(false)
#1 /Users/Ryan/Sites/dorel-australia/app/code/core/Mage/Core/Model/Config.php(1354): Mage_Core_Model_Resource_Db_Collection_Abstract->__construct(Array)
#2 /Users/Ryan/Sites/dorel-australia/app/code/core/Mage/Core/Model/Config.php(1386): Mage_Core_Model_Config->getModelInstance('wordpress_resou...', Array)
#3 /Users/Ryan/Sites/dorel-australia/app/Mage.php(491): Mage_Core_Model_Config->getResourceModelInstance('wordpress/user_...', Array)
#4 /Users/Ryan/Sites/dorel-australia/app/code/community/Fishpig/Wordpress/Model/Resource/User.php(75): Mage::getResourceModel('wordpress/user_...')
#5 /Users/Ryan/Sites/dorel-australia/app/code/community/Fishpig/Wordpress/sql/wordpress_setup/mysql4-upgrade-3.2.0.0-3.2.0.1.php(22): Fishpig_Wordpress_Model_Resource_User->cleanDuplicates()
#6 /Users/Ryan/Sites/dorel-australia/app/code/core/Mage/Core/Model/Resource/Setup.php(624): include('/Users/Ryan/Sit...')
#7 /Users/Ryan/Sites/dorel-australia/app/code/core/Mage/Core/Model/Resource/Setup.php(422): Mage_Core_Model_Resource_Setup->_modifyResourceDb('upgrade', '0.1.0', '4.2.0.21')
#8 /Users/Ryan/Sites/dorel-australia/app/code/core/Mage/Core/Model/Resource/Setup.php(327): Mage_Core_Model_Resource_Setup->_installResourceDb('4.2.0.21')
#9 /Users/Ryan/Sites/dorel-australia/app/code/core/Mage/Core/Model/Resource/Setup.php(235): Mage_Core_Model_Resource_Setup->applyUpdates()
#10 /Users/Ryan/Sites/dorel-australia/downloader/Maged/Controller.php(981): Mage_Core_Model_Resource_Setup::applyAllUpdates()
#11 /Users/Ryan/Sites/dorel-australia/downloader/Maged/Controller.php(420): Maged_Controller->cleanCache()
#12 /Users/Ryan/Sites/dorel-australia/downloader/Maged/Controller.php(830): Maged_Controller->cleanCacheAction()
#13 /Users/Ryan/Sites/dorel-australia/downloader/Maged/Controller.php(514): Maged_Controller->dispatch()
#14 /Users/Ryan/Sites/dorel-australia/downloader/index.php(36): Maged_Controller::run()
#15 {main}
2016-09-15T03:26:27+00:00 DEBUG (7): exception 'Exception' with message 'WordPress Admin details not set.' in /Users/Ryan/Sites/dorel-australia/app/code/community/Fishpig/Wordpress/controllers/Adminhtml/WordpressController.php:31
Stack trace:
#0 /Users/Ryan/Sites/dorel-australia/app/code/core/Mage/Core/Controller/Varien/Action.php(418): Fishpig_Wordpress_Adminhtml_WordpressController->loginAction()
#1 /Users/Ryan/Sites/dorel-australia/app/code/core/Mage/Core/Controller/Varien/Router/Standard.php(254): Mage_Core_Controller_Varien_Action->dispatch('login')
#2 /Users/Ryan/Sites/dorel-australia/app/code/core/Mage/Core/Controller/Varien/Front.php(172): Mage_Core_Controller_Varien_Router_Standard->match(Object(Mage_Core_Controller_Request_Http))
#3 /Users/Ryan/Sites/dorel-australia/app/code/core/Mage/Core/Model/App.php(365): Mage_Core_Controller_Varien_Front->dispatch()
#4 /Users/Ryan/Sites/dorel-australia/app/Mage.php(684): Mage_Core_Model_App->run(Array)
#5 /Users/Ryan/Sites/dorel-australia/index.php(83): Mage::run('sf1_base', 'website')
#6 {main}
